{"message":"unresolved import `serde`","code":{"code":"E0432","explanation":"An import was unresolved.\n\nErroneous code example:\n\n```compile_fail,E0432\nuse something::Foo; // error: unresolved import `something::Foo`.\n```\n\nIn Rust 2015, paths in `use` statements are relative to the crate root. To\nimport items relative to the current and parent modules, use the `self::` and\n`super::` prefixes, respectively.\n\nIn Rust 2018, paths in `use` statements are relative to the current module\nunless they begin with the name of a crate or a literal `crate::`, in which\ncase they start from the crate root. As in Rust 2015 code, the `self::` and\n`super::` prefixes refer to the current and parent modules respectively.\n\nAlso verify that you didn't misspell the import name and that the import exists\nin the module from where you tried to import it. Example:\n\n```\nuse self::something::Foo; // Ok.\n\nmod something {\n    pub struct Foo;\n}\n# fn main() {}\n```\n\nIf you tried to use a module from an external crate and are using Rust 2015,\nyou may have missed the `extern crate` declaration (which is usually placed in\nthe crate root):\n\n```edition2015\nextern crate core; // Required to use the `core` crate in Rust 2015.\n\nuse core::any;\n# fn main() {}\n```\n\nIn Rust 2018 the `extern crate` declaration is not required and you can instead\njust `use` it:\n\n```edition2018\nuse core::any; // No extern crate required in Rust 2018.\n# fn main() {}\n```\n"},"level":"error","spans":[{"file_name":"src/vector.rs","byte_start":55,"byte_end":60,"line_start":4,"line_end":4,"column_start":5,"column_end":10,"is_primary":true,"text":[{"text":"use serde::{Deserialize, Serialize};","highlight_start":5,"highlight_end":10}],"label":"use of undeclared crate or module `serde`","suggested_replacement":null,"suggestion_applicability":null,"expansion":null}],"children":[],"rendered":"\u001b[0m\u001b[1m\u001b[38;5;9merror[E0432]\u001b[0m\u001b[0m\u001b[1m: unresolved import `serde`\u001b[0m\n\u001b[0m \u001b[0m\u001b[0m\u001b[1m\u001b[38;5;12m--> \u001b[0m\u001b[0msrc/vector.rs:4:5\u001b[0m\n\u001b[0m  \u001b[0m\u001b[0m\u001b[1m\u001b[38;5;12m|\u001b[0m\n\u001b[0m\u001b[1m\u001b[38;5;12m4\u001b[0m\u001b[0m \u001b[0m\u001b[0m\u001b[1m\u001b[38;5;12m| \u001b[0m\u001b[0muse serde::{Deserialize, Serialize};\u001b[0m\n\u001b[0m  \u001b[0m\u001b[0m\u001b[1m\u001b[38;5;12m| \u001b[0m\u001b[0m    \u001b[0m\u001b[0m\u001b[1m\u001b[38;5;9m^^^^^\u001b[0m\u001b[0m \u001b[0m\u001b[0m\u001b[1m\u001b[38;5;9muse of undeclared crate or module `serde`\u001b[0m\n\n"}
{"message":"cannot determine resolution for the derive macro `Deserialize`","code":null,"level":"error","spans":[{"file_name":"src/vector.rs","byte_start":532,"byte_end":543,"line_start":24,"line_end":24,"column_start":41,"column_end":52,"is_primary":true,"text":[{"text":"#[derive(Clone, Copy, Debug, PartialEq, Deserialize, Serialize)]","highlight_start":41,"highlight_end":52}],"label":null,"suggested_replacement":null,"suggestion_applicability":null,"expansion":null}],"children":[{"message":"import resolution is stuck, try simplifying macro imports","code":null,"level":"note","spans":[],"children":[],"rendered":null}],"rendered":"\u001b[0m\u001b[1m\u001b[38;5;9merror\u001b[0m\u001b[0m\u001b[1m: cannot determine resolution for the derive macro `Deserialize`\u001b[0m\n\u001b[0m  \u001b[0m\u001b[0m\u001b[1m\u001b[38;5;12m--> \u001b[0m\u001b[0msrc/vector.rs:24:41\u001b[0m\n\u001b[0m   \u001b[0m\u001b[0m\u001b[1m\u001b[38;5;12m|\u001b[0m\n\u001b[0m\u001b[1m\u001b[38;5;12m24\u001b[0m\u001b[0m \u001b[0m\u001b[0m\u001b[1m\u001b[38;5;12m| \u001b[0m\u001b[0m#[derive(Clone, Copy, Debug, PartialEq, Deserialize, Serialize)]\u001b[0m\n\u001b[0m   \u001b[0m\u001b[0m\u001b[1m\u001b[38;5;12m| \u001b[0m\u001b[0m                                        \u001b[0m\u001b[0m\u001b[1m\u001b[38;5;9m^^^^^^^^^^^\u001b[0m\n\u001b[0m   \u001b[0m\u001b[0m\u001b[1m\u001b[38;5;12m|\u001b[0m\n\u001b[0m   \u001b[0m\u001b[0m\u001b[1m\u001b[38;5;12m= \u001b[0m\u001b[0m\u001b[1mnote\u001b[0m\u001b[0m: import resolution is stuck, try simplifying macro imports\u001b[0m\n\n"}
{"message":"cannot determine resolution for the derive macro `Serialize`","code":null,"level":"error","spans":[{"file_name":"src/vector.rs","byte_start":545,"byte_end":554,"line_start":24,"line_end":24,"column_start":54,"column_end":63,"is_primary":true,"text":[{"text":"#[derive(Clone, Copy, Debug, PartialEq, Deserialize, Serialize)]","highlight_start":54,"highlight_end":63}],"label":null,"suggested_replacement":null,"suggestion_applicability":null,"expansion":null}],"children":[{"message":"import resolution is stuck, try simplifying macro imports","code":null,"level":"note","spans":[],"children":[],"rendered":null}],"rendered":"\u001b[0m\u001b[1m\u001b[38;5;9merror\u001b[0m\u001b[0m\u001b[1m: cannot determine resolution for the derive macro `Serialize`\u001b[0m\n\u001b[0m  \u001b[0m\u001b[0m\u001b[1m\u001b[38;5;12m--> \u001b[0m\u001b[0msrc/vector.rs:24:54\u001b[0m\n\u001b[0m   \u001b[0m\u001b[0m\u001b[1m\u001b[38;5;12m|\u001b[0m\n\u001b[0m\u001b[1m\u001b[38;5;12m24\u001b[0m\u001b[0m \u001b[0m\u001b[0m\u001b[1m\u001b[38;5;12m| \u001b[0m\u001b[0m#[derive(Clone, Copy, Debug, PartialEq, Deserialize, Serialize)]\u001b[0m\n\u001b[0m   \u001b[0m\u001b[0m\u001b[1m\u001b[38;5;12m| \u001b[0m\u001b[0m                                                     \u001b[0m\u001b[0m\u001b[1m\u001b[38;5;9m^^^^^^^^^\u001b[0m\n\u001b[0m   \u001b[0m\u001b[0m\u001b[1m\u001b[38;5;12m|\u001b[0m\n\u001b[0m   \u001b[0m\u001b[0m\u001b[1m\u001b[38;5;12m= \u001b[0m\u001b[0m\u001b[1mnote\u001b[0m\u001b[0m: import resolution is stuck, try simplifying macro imports\u001b[0m\n\n"}
{"message":"not all trait items implemented, missing: `Output`, `add`","code":{"code":"E0046","explanation":"Items are missing in a trait implementation.\n\nErroneous code example:\n\n```compile_fail,E0046\ntrait Foo {\n    fn foo();\n}\n\nstruct Bar;\n\nimpl Foo for Bar {}\n// error: not all trait items implemented, missing: `foo`\n```\n\nWhen trying to make some type implement a trait `Foo`, you must, at minimum,\nprovide implementations for all of `Foo`'s required methods (meaning the\nmethods that do not have default implementations), as well as any required\ntrait items like associated types or constants. Example:\n\n```\ntrait Foo {\n    fn foo();\n}\n\nstruct Bar;\n\nimpl Foo for Bar {\n    fn foo() {} // ok!\n}\n```\n"},"level":"error","spans":[{"file_name":"src/vector.rs","byte_start":2555,"byte_end":2584,"line_start":109,"line_end":109,"column_start":1,"column_end":30,"is_primary":true,"text":[{"text":"impl Add<Vector3> for Vector3 {","highlight_start":1,"highlight_end":30}],"label":"missing `Output`, `add` in implementation","suggested_replacement":null,"suggestion_applicability":null,"expansion":null}],"children":[{"message":"implement the missing item: `type Output = Type;`","code":null,"level":"help","spans":[{"file_name":"src/vector.rs","byte_start":2599,"byte_end":2599,"line_start":111,"line_end":111,"column_start":1,"column_end":1,"is_primary":true,"text":[{"text":"}","highlight_start":1,"highlight_end":1}],"label":null,"suggested_replacement":"type Output = Type;\n","suggestion_applicability":"HasPlaceholders","expansion":null}],"children":[],"rendered":null},{"message":"implement the missing item: `fn add(self, _: Rhs) -> <Self as Add<Rhs>>::Output { todo!() }`","code":null,"level":"help","spans":[{"file_name":"src/vector.rs","byte_start":2599,"byte_end":2599,"line_start":111,"line_end":111,"column_start":1,"column_end":1,"is_primary":true,"text":[{"text":"}","highlight_start":1,"highlight_end":1}],"label":null,"suggested_replacement":"fn add(self, _: Rhs) -> <Self as Add<Rhs>>::Output { todo!() }\n","suggestion_applicability":"HasPlaceholders","expansion":null}],"children":[],"rendered":null}],"rendered":"\u001b[0m\u001b[1m\u001b[38;5;9merror[E0046]\u001b[0m\u001b[0m\u001b[1m: not all trait items implemented, missing: `Output`, `add`\u001b[0m\n\u001b[0m   \u001b[0m\u001b[0m\u001b[1m\u001b[38;5;12m--> \u001b[0m\u001b[0msrc/vector.rs:109:1\u001b[0m\n\u001b[0m    \u001b[0m\u001b[0m\u001b[1m\u001b[38;5;12m|\u001b[0m\n\u001b[0m\u001b[1m\u001b[38;5;12m109\u001b[0m\u001b[0m \u001b[0m\u001b[0m\u001b[1m\u001b[38;5;12m| \u001b[0m\u001b[0mimpl Add<Vector3> for Vector3 {\u001b[0m\n\u001b[0m    \u001b[0m\u001b[0m\u001b[1m\u001b[38;5;12m| \u001b[0m\u001b[0m\u001b[1m\u001b[38;5;9m^^^^^^^^^^^^^^^^^^^^^^^^^^^^^\u001b[0m\u001b[0m \u001b[0m\u001b[0m\u001b[1m\u001b[38;5;9mmissing `Output`, `add` in implementation\u001b[0m\n\u001b[0m    \u001b[0m\u001b[0m\u001b[1m\u001b[38;5;12m|\u001b[0m\n\u001b[0m    \u001b[0m\u001b[0m\u001b[1m\u001b[38;5;12m= \u001b[0m\u001b[0m\u001b[1mhelp\u001b[0m\u001b[0m: \u001b[0m\u001b[0mimplement the missing item: `type Output = Type;`\u001b[0m\n\u001b[0m    \u001b[0m\u001b[0m\u001b[1m\u001b[38;5;12m= \u001b[0m\u001b[0m\u001b[1mhelp\u001b[0m\u001b[0m: \u001b[0m\u001b[0mimplement the missing item: `fn add(self, _: Rhs) -> <Self as Add<Rhs>>::Output { todo!() }`\u001b[0m\n\n"}
{"message":"not all trait items implemented, missing: `Output`, `sub`","code":{"code":"E0046","explanation":"Items are missing in a trait implementation.\n\nErroneous code example:\n\n```compile_fail,E0046\ntrait Foo {\n    fn foo();\n}\n\nstruct Bar;\n\nimpl Foo for Bar {}\n// error: not all trait items implemented, missing: `foo`\n```\n\nWhen trying to make some type implement a trait `Foo`, you must, at minimum,\nprovide implementations for all of `Foo`'s required methods (meaning the\nmethods that do not have default implementations), as well as any required\ntrait items like associated types or constants. Example:\n\n```\ntrait Foo {\n    fn foo();\n}\n\nstruct Bar;\n\nimpl Foo for Bar {\n    fn foo() {} // ok!\n}\n```\n"},"level":"error","spans":[{"file_name":"src/vector.rs","byte_start":2669,"byte_end":2698,"line_start":115,"line_end":115,"column_start":1,"column_end":30,"is_primary":true,"text":[{"text":"impl Sub<Vector3> for Vector3 {","highlight_start":1,"highlight_end":30}],"label":"missing `Output`, `sub` in implementation","suggested_replacement":null,"suggestion_applicability":null,"expansion":null}],"children":[{"message":"implement the missing item: `type Output = Type;`","code":null,"level":"help","spans":[{"file_name":"src/vector.rs","byte_start":2713,"byte_end":2713,"line_start":117,"line_end":117,"column_start":1,"column_end":1,"is_primary":true,"text":[{"text":"}","highlight_start":1,"highlight_end":1}],"label":null,"suggested_replacement":"type Output = Type;\n","suggestion_applicability":"HasPlaceholders","expansion":null}],"children":[],"rendered":null},{"message":"implement the missing item: `fn sub(self, _: Rhs) -> <Self as Sub<Rhs>>::Output { todo!() }`","code":null,"level":"help","spans":[{"file_name":"src/vector.rs","byte_start":2713,"byte_end":2713,"line_start":117,"line_end":117,"column_start":1,"column_end":1,"is_primary":true,"text":[{"text":"}","highlight_start":1,"highlight_end":1}],"label":null,"suggested_replacement":"fn sub(self, _: Rhs) -> <Self as Sub<Rhs>>::Output { todo!() }\n","suggestion_applicability":"HasPlaceholders","expansion":null}],"children":[],"rendered":null}],"rendered":"\u001b[0m\u001b[1m\u001b[38;5;9merror[E0046]\u001b[0m\u001b[0m\u001b[1m: not all trait items implemented, missing: `Output`, `sub`\u001b[0m\n\u001b[0m   \u001b[0m\u001b[0m\u001b[1m\u001b[38;5;12m--> \u001b[0m\u001b[0msrc/vector.rs:115:1\u001b[0m\n\u001b[0m    \u001b[0m\u001b[0m\u001b[1m\u001b[38;5;12m|\u001b[0m\n\u001b[0m\u001b[1m\u001b[38;5;12m115\u001b[0m\u001b[0m \u001b[0m\u001b[0m\u001b[1m\u001b[38;5;12m| \u001b[0m\u001b[0mimpl Sub<Vector3> for Vector3 {\u001b[0m\n\u001b[0m    \u001b[0m\u001b[0m\u001b[1m\u001b[38;5;12m| \u001b[0m\u001b[0m\u001b[1m\u001b[38;5;9m^^^^^^^^^^^^^^^^^^^^^^^^^^^^^\u001b[0m\u001b[0m \u001b[0m\u001b[0m\u001b[1m\u001b[38;5;9mmissing `Output`, `sub` in implementation\u001b[0m\n\u001b[0m    \u001b[0m\u001b[0m\u001b[1m\u001b[38;5;12m|\u001b[0m\n\u001b[0m    \u001b[0m\u001b[0m\u001b[1m\u001b[38;5;12m= \u001b[0m\u001b[0m\u001b[1mhelp\u001b[0m\u001b[0m: \u001b[0m\u001b[0mimplement the missing item: `type Output = Type;`\u001b[0m\n\u001b[0m    \u001b[0m\u001b[0m\u001b[1m\u001b[38;5;12m= \u001b[0m\u001b[0m\u001b[1mhelp\u001b[0m\u001b[0m: \u001b[0m\u001b[0mimplement the missing item: `fn sub(self, _: Rhs) -> <Self as Sub<Rhs>>::Output { todo!() }`\u001b[0m\n\n"}
{"message":"not all trait items implemented, missing: `Output`, `mul`","code":{"code":"E0046","explanation":"Items are missing in a trait implementation.\n\nErroneous code example:\n\n```compile_fail,E0046\ntrait Foo {\n    fn foo();\n}\n\nstruct Bar;\n\nimpl Foo for Bar {}\n// error: not all trait items implemented, missing: `foo`\n```\n\nWhen trying to make some type implement a trait `Foo`, you must, at minimum,\nprovide implementations for all of `Foo`'s required methods (meaning the\nmethods that do not have default implementations), as well as any required\ntrait items like associated types or constants. Example:\n\n```\ntrait Foo {\n    fn foo();\n}\n\nstruct Bar;\n\nimpl Foo for Bar {\n    fn foo() {} // ok!\n}\n```\n"},"level":"error","spans":[{"file_name":"src/vector.rs","byte_start":2783,"byte_end":2808,"line_start":121,"line_end":121,"column_start":1,"column_end":26,"is_primary":true,"text":[{"text":"impl Mul<f32> for Vector3 {","highlight_start":1,"highlight_end":26}],"label":"missing `Output`, `mul` in implementation","suggested_replacement":null,"suggestion_applicability":null,"expansion":null}],"children":[{"message":"implement the missing item: `type Output = Type;`","code":null,"level":"help","spans":[{"file_name":"src/vector.rs","byte_start":2823,"byte_end":2823,"line_start":123,"line_end":123,"column_start":1,"column_end":1,"is_primary":true,"text":[{"text":"}","highlight_start":1,"highlight_end":1}],"label":null,"suggested_replacement":"type Output = Type;\n","suggestion_applicability":"HasPlaceholders","expansion":null}],"children":[],"rendered":null},{"message":"implement the missing item: `fn mul(self, _: Rhs) -> <Self as Mul<Rhs>>::Output { todo!() }`","code":null,"level":"help","spans":[{"file_name":"src/vector.rs","byte_start":2823,"byte_end":2823,"line_start":123,"line_end":123,"column_start":1,"column_end":1,"is_primary":true,"text":[{"text":"}","highlight_start":1,"highlight_end":1}],"label":null,"suggested_replacement":"fn mul(self, _: Rhs) -> <Self as Mul<Rhs>>::Output { todo!() }\n","suggestion_applicability":"HasPlaceholders","expansion":null}],"children":[],"rendered":null}],"rendered":"\u001b[0m\u001b[1m\u001b[38;5;9merror[E0046]\u001b[0m\u001b[0m\u001b[1m: not all trait items implemented, missing: `Output`, `mul`\u001b[0m\n\u001b[0m   \u001b[0m\u001b[0m\u001b[1m\u001b[38;5;12m--> \u001b[0m\u001b[0msrc/vector.rs:121:1\u001b[0m\n\u001b[0m    \u001b[0m\u001b[0m\u001b[1m\u001b[38;5;12m|\u001b[0m\n\u001b[0m\u001b[1m\u001b[38;5;12m121\u001b[0m\u001b[0m \u001b[0m\u001b[0m\u001b[1m\u001b[38;5;12m| \u001b[0m\u001b[0mimpl Mul<f32> for Vector3 {\u001b[0m\n\u001b[0m    \u001b[0m\u001b[0m\u001b[1m\u001b[38;5;12m| \u001b[0m\u001b[0m\u001b[1m\u001b[38;5;9m^^^^^^^^^^^^^^^^^^^^^^^^^\u001b[0m\u001b[0m \u001b[0m\u001b[0m\u001b[1m\u001b[38;5;9mmissing `Output`, `mul` in implementation\u001b[0m\n\u001b[0m    \u001b[0m\u001b[0m\u001b[1m\u001b[38;5;12m|\u001b[0m\n\u001b[0m    \u001b[0m\u001b[0m\u001b[1m\u001b[38;5;12m= \u001b[0m\u001b[0m\u001b[1mhelp\u001b[0m\u001b[0m: \u001b[0m\u001b[0mimplement the missing item: `type Output = Type;`\u001b[0m\n\u001b[0m    \u001b[0m\u001b[0m\u001b[1m\u001b[38;5;12m= \u001b[0m\u001b[0m\u001b[1mhelp\u001b[0m\u001b[0m: \u001b[0m\u001b[0mimplement the missing item: `fn mul(self, _: Rhs) -> <Self as Mul<Rhs>>::Output { todo!() }`\u001b[0m\n\n"}
{"message":"not all trait items implemented, missing: `Output`, `mul`","code":{"code":"E0046","explanation":"Items are missing in a trait implementation.\n\nErroneous code example:\n\n```compile_fail,E0046\ntrait Foo {\n    fn foo();\n}\n\nstruct Bar;\n\nimpl Foo for Bar {}\n// error: not all trait items implemented, missing: `foo`\n```\n\nWhen trying to make some type implement a trait `Foo`, you must, at minimum,\nprovide implementations for all of `Foo`'s required methods (meaning the\nmethods that do not have default implementations), as well as any required\ntrait items like associated types or constants. Example:\n\n```\ntrait Foo {\n    fn foo();\n}\n\nstruct Bar;\n\nimpl Foo for Bar {\n    fn foo() {} // ok!\n}\n```\n"},"level":"error","spans":[{"file_name":"src/vector.rs","byte_start":2889,"byte_end":2914,"line_start":127,"line_end":127,"column_start":1,"column_end":26,"is_primary":true,"text":[{"text":"impl Mul<Vector3> for f32 {","highlight_start":1,"highlight_end":26}],"label":"missing `Output`, `mul` in implementation","suggested_replacement":null,"suggestion_applicability":null,"expansion":null}],"children":[{"message":"implement the missing item: `type Output = Type;`","code":null,"level":"help","spans":[{"file_name":"src/vector.rs","byte_start":2929,"byte_end":2929,"line_start":129,"line_end":129,"column_start":1,"column_end":1,"is_primary":true,"text":[{"text":"}","highlight_start":1,"highlight_end":1}],"label":null,"suggested_replacement":"type Output = Type;\n","suggestion_applicability":"HasPlaceholders","expansion":null}],"children":[],"rendered":null},{"message":"implement the missing item: `fn mul(self, _: Rhs) -> <Self as Mul<Rhs>>::Output { todo!() }`","code":null,"level":"help","spans":[{"file_name":"src/vector.rs","byte_start":2929,"byte_end":2929,"line_start":129,"line_end":129,"column_start":1,"column_end":1,"is_primary":true,"text":[{"text":"}","highlight_start":1,"highlight_end":1}],"label":null,"suggested_replacement":"fn mul(self, _: Rhs) -> <Self as Mul<Rhs>>::Output { todo!() }\n","suggestion_applicability":"HasPlaceholders","expansion":null}],"children":[],"rendered":null}],"rendered":"\u001b[0m\u001b[1m\u001b[38;5;9merror[E0046]\u001b[0m\u001b[0m\u001b[1m: not all trait items implemented, missing: `Output`, `mul`\u001b[0m\n\u001b[0m   \u001b[0m\u001b[0m\u001b[1m\u001b[38;5;12m--> \u001b[0m\u001b[0msrc/vector.rs:127:1\u001b[0m\n\u001b[0m    \u001b[0m\u001b[0m\u001b[1m\u001b[38;5;12m|\u001b[0m\n\u001b[0m\u001b[1m\u001b[38;5;12m127\u001b[0m\u001b[0m \u001b[0m\u001b[0m\u001b[1m\u001b[38;5;12m| \u001b[0m\u001b[0mimpl Mul<Vector3> for f32 {\u001b[0m\n\u001b[0m    \u001b[0m\u001b[0m\u001b[1m\u001b[38;5;12m| \u001b[0m\u001b[0m\u001b[1m\u001b[38;5;9m^^^^^^^^^^^^^^^^^^^^^^^^^\u001b[0m\u001b[0m \u001b[0m\u001b[0m\u001b[1m\u001b[38;5;9mmissing `Output`, `mul` in implementation\u001b[0m\n\u001b[0m    \u001b[0m\u001b[0m\u001b[1m\u001b[38;5;12m|\u001b[0m\n\u001b[0m    \u001b[0m\u001b[0m\u001b[1m\u001b[38;5;12m= \u001b[0m\u001b[0m\u001b[1mhelp\u001b[0m\u001b[0m: \u001b[0m\u001b[0mimplement the missing item: `type Output = Type;`\u001b[0m\n\u001b[0m    \u001b[0m\u001b[0m\u001b[1m\u001b[38;5;12m= \u001b[0m\u001b[0m\u001b[1mhelp\u001b[0m\u001b[0m: \u001b[0m\u001b[0mimplement the missing item: `fn mul(self, _: Rhs) -> <Self as Mul<Rhs>>::Output { todo!() }`\u001b[0m\n\n"}
{"message":"not all trait items implemented, missing: `Output`, `neg`","code":{"code":"E0046","explanation":"Items are missing in a trait implementation.\n\nErroneous code example:\n\n```compile_fail,E0046\ntrait Foo {\n    fn foo();\n}\n\nstruct Bar;\n\nimpl Foo for Bar {}\n// error: not all trait items implemented, missing: `foo`\n```\n\nWhen trying to make some type implement a trait `Foo`, you must, at minimum,\nprovide implementations for all of `Foo`'s required methods (meaning the\nmethods that do not have default implementations), as well as any required\ntrait items like associated types or constants. Example:\n\n```\ntrait Foo {\n    fn foo();\n}\n\nstruct Bar;\n\nimpl Foo for Bar {\n    fn foo() {} // ok!\n}\n```\n"},"level":"error","spans":[{"file_name":"src/vector.rs","byte_start":2995,"byte_end":3015,"line_start":133,"line_end":133,"column_start":1,"column_end":21,"is_primary":true,"text":[{"text":"impl Neg for Vector3 {","highlight_start":1,"highlight_end":21}],"label":"missing `Output`, `neg` in implementation","suggested_replacement":null,"suggestion_applicability":null,"expansion":null}],"children":[{"message":"implement the missing item: `type Output = Type;`","code":null,"level":"help","spans":[{"file_name":"src/vector.rs","byte_start":3030,"byte_end":3030,"line_start":135,"line_end":135,"column_start":1,"column_end":1,"is_primary":true,"text":[{"text":"}","highlight_start":1,"highlight_end":1}],"label":null,"suggested_replacement":"type Output = Type;\n","suggestion_applicability":"HasPlaceholders","expansion":null}],"children":[],"rendered":null},{"message":"implement the missing item: `fn neg(self) -> <Self as Neg>::Output { todo!() }`","code":null,"level":"help","spans":[{"file_name":"src/vector.rs","byte_start":3030,"byte_end":3030,"line_start":135,"line_end":135,"column_start":1,"column_end":1,"is_primary":true,"text":[{"text":"}","highlight_start":1,"highlight_end":1}],"label":null,"suggested_replacement":"fn neg(self) -> <Self as Neg>::Output { todo!() }\n","suggestion_applicability":"HasPlaceholders","expansion":null}],"children":[],"rendered":null}],"rendered":"\u001b[0m\u001b[1m\u001b[38;5;9merror[E0046]\u001b[0m\u001b[0m\u001b[1m: not all trait items implemented, missing: `Output`, `neg`\u001b[0m\n\u001b[0m   \u001b[0m\u001b[0m\u001b[1m\u001b[38;5;12m--> \u001b[0m\u001b[0msrc/vector.rs:133:1\u001b[0m\n\u001b[0m    \u001b[0m\u001b[0m\u001b[1m\u001b[38;5;12m|\u001b[0m\n\u001b[0m\u001b[1m\u001b[38;5;12m133\u001b[0m\u001b[0m \u001b[0m\u001b[0m\u001b[1m\u001b[38;5;12m| \u001b[0m\u001b[0mimpl Neg for Vector3 {\u001b[0m\n\u001b[0m    \u001b[0m\u001b[0m\u001b[1m\u001b[38;5;12m| \u001b[0m\u001b[0m\u001b[1m\u001b[38;5;9m^^^^^^^^^^^^^^^^^^^^\u001b[0m\u001b[0m \u001b[0m\u001b[0m\u001b[1m\u001b[38;5;9mmissing `Output`, `neg` in implementation\u001b[0m\n\u001b[0m    \u001b[0m\u001b[0m\u001b[1m\u001b[38;5;12m|\u001b[0m\n\u001b[0m    \u001b[0m\u001b[0m\u001b[1m\u001b[38;5;12m= \u001b[0m\u001b[0m\u001b[1mhelp\u001b[0m\u001b[0m: \u001b[0m\u001b[0mimplement the missing item: `type Output = Type;`\u001b[0m\n\u001b[0m    \u001b[0m\u001b[0m\u001b[1m\u001b[38;5;12m= \u001b[0m\u001b[0m\u001b[1mhelp\u001b[0m\u001b[0m: \u001b[0m\u001b[0mimplement the missing item: `fn neg(self) -> <Self as Neg>::Output { todo!() }`\u001b[0m\n\n"}
{"message":"mismatched types","code":{"code":"E0308","explanation":"Expected type did not match the received type.\n\nErroneous code examples:\n\n```compile_fail,E0308\nfn plus_one(x: i32) -> i32 {\n    x + 1\n}\n\nplus_one(\"Not a number\");\n//       ^^^^^^^^^^^^^^ expected `i32`, found `&str`\n\nif \"Not a bool\" {\n// ^^^^^^^^^^^^ expected `bool`, found `&str`\n}\n\nlet x: f32 = \"Not a float\";\n//     ---   ^^^^^^^^^^^^^ expected `f32`, found `&str`\n//     |\n//     expected due to this\n```\n\nThis error occurs when an expression was used in a place where the compiler\nexpected an expression of a different type. It can occur in several cases, the\nmost common being when calling a function and passing an argument which has a\ndifferent type than the matching type in the function declaration.\n"},"level":"error","spans":[{"file_name":"src/vector.rs","byte_start":750,"byte_end":754,"line_start":33,"line_end":33,"column_start":43,"column_end":47,"is_primary":true,"text":[{"text":"    pub fn new(x: f32, y: f32, z: f32) -> Self {","highlight_start":43,"highlight_end":47}],"label":"expected struct `Vector3`, found `()`","suggested_replacement":null,"suggestion_applicability":null,"expansion":null},{"file_name":"src/vector.rs","byte_start":719,"byte_end":722,"line_start":33,"line_end":33,"column_start":12,"column_end":15,"is_primary":false,"text":[{"text":"    pub fn new(x: f32, y: f32, z: f32) -> Self {","highlight_start":12,"highlight_end":15}],"label":"implicitly returns `()` as its body has no tail or `return` expression","suggested_replacement":null,"suggestion_applicability":null,"expansion":null}],"children":[],"rendered":"\u001b[0m\u001b[1m\u001b[38;5;9merror[E0308]\u001b[0m\u001b[0m\u001b[1m: mismatched types\u001b[0m\n\u001b[0m  \u001b[0m\u001b[0m\u001b[1m\u001b[38;5;12m--> \u001b[0m\u001b[0msrc/vector.rs:33:43\u001b[0m\n\u001b[0m   \u001b[0m\u001b[0m\u001b[1m\u001b[38;5;12m|\u001b[0m\n\u001b[0m\u001b[1m\u001b[38;5;12m33\u001b[0m\u001b[0m \u001b[0m\u001b[0m\u001b[1m\u001b[38;5;12m| \u001b[0m\u001b[0m    pub fn new(x: f32, y: f32, z: f32) -> Self {\u001b[0m\n\u001b[0m   \u001b[0m\u001b[0m\u001b[1m\u001b[38;5;12m| \u001b[0m\u001b[0m           \u001b[0m\u001b[0m\u001b[1m\u001b[38;5;12m---\u001b[0m\u001b[0m                            \u001b[0m\u001b[0m\u001b[1m\u001b[38;5;9m^^^^\u001b[0m\u001b[0m \u001b[0m\u001b[0m\u001b[1m\u001b[38;5;9mexpected struct `Vector3`, found `()`\u001b[0m\n\u001b[0m   \u001b[0m\u001b[0m\u001b[1m\u001b[38;5;12m| \u001b[0m\u001b[0m           \u001b[0m\u001b[0m\u001b[1m\u001b[38;5;12m|\u001b[0m\n\u001b[0m   \u001b[0m\u001b[0m\u001b[1m\u001b[38;5;12m| \u001b[0m\u001b[0m           \u001b[0m\u001b[0m\u001b[1m\u001b[38;5;12mimplicitly returns `()` as its body has no tail or `return` expression\u001b[0m\n\n"}
{"message":"mismatched types","code":{"code":"E0308","explanation":"Expected type did not match the received type.\n\nErroneous code examples:\n\n```compile_fail,E0308\nfn plus_one(x: i32) -> i32 {\n    x + 1\n}\n\nplus_one(\"Not a number\");\n//       ^^^^^^^^^^^^^^ expected `i32`, found `&str`\n\nif \"Not a bool\" {\n// ^^^^^^^^^^^^ expected `bool`, found `&str`\n}\n\nlet x: f32 = \"Not a float\";\n//     ---   ^^^^^^^^^^^^^ expected `f32`, found `&str`\n//     |\n//     expected due to this\n```\n\nThis error occurs when an expression was used in a place where the compiler\nexpected an expression of a different type. It can occur in several cases, the\nmost common being when calling a function and passing an argument which has a\ndifferent type than the matching type in the function declaration.\n"},"level":"error","spans":[{"file_name":"src/vector.rs","byte_start":843,"byte_end":847,"line_start":38,"line_end":38,"column_start":23,"column_end":27,"is_primary":true,"text":[{"text":"    pub fn zeros() -> Self {","highlight_start":23,"highlight_end":27}],"label":"expected struct `Vector3`, found `()`","suggested_replacement":null,"suggestion_applicability":null,"expansion":null},{"file_name":"src/vector.rs","byte_start":832,"byte_end":837,"line_start":38,"line_end":38,"column_start":12,"column_end":17,"is_primary":false,"text":[{"text":"    pub fn zeros() -> Self {","highlight_start":12,"highlight_end":17}],"label":"implicitly returns `()` as its body has no tail or `return` expression","suggested_replacement":null,"suggestion_applicability":null,"expansion":null}],"children":[],"rendered":"\u001b[0m\u001b[1m\u001b[38;5;9merror[E0308]\u001b[0m\u001b[0m\u001b[1m: mismatched types\u001b[0m\n\u001b[0m  \u001b[0m\u001b[0m\u001b[1m\u001b[38;5;12m--> \u001b[0m\u001b[0msrc/vector.rs:38:23\u001b[0m\n\u001b[0m   \u001b[0m\u001b[0m\u001b[1m\u001b[38;5;12m|\u001b[0m\n\u001b[0m\u001b[1m\u001b[38;5;12m38\u001b[0m\u001b[0m \u001b[0m\u001b[0m\u001b[1m\u001b[38;5;12m| \u001b[0m\u001b[0m    pub fn zeros() -> Self {\u001b[0m\n\u001b[0m   \u001b[0m\u001b[0m\u001b[1m\u001b[38;5;12m| \u001b[0m\u001b[0m           \u001b[0m\u001b[0m\u001b[1m\u001b[38;5;12m-----\u001b[0m\u001b[0m      \u001b[0m\u001b[0m\u001b[1m\u001b[38;5;9m^^^^\u001b[0m\u001b[0m \u001b[0m\u001b[0m\u001b[1m\u001b[38;5;9mexpected struct `Vector3`, found `()`\u001b[0m\n\u001b[0m   \u001b[0m\u001b[0m\u001b[1m\u001b[38;5;12m| \u001b[0m\u001b[0m           \u001b[0m\u001b[0m\u001b[1m\u001b[38;5;12m|\u001b[0m\n\u001b[0m   \u001b[0m\u001b[0m\u001b[1m\u001b[38;5;12m| \u001b[0m\u001b[0m           \u001b[0m\u001b[0m\u001b[1m\u001b[38;5;12mimplicitly returns `()` as its body has no tail or `return` expression\u001b[0m\n\n"}
{"message":"mismatched types","code":{"code":"E0308","explanation":"Expected type did not match the received type.\n\nErroneous code examples:\n\n```compile_fail,E0308\nfn plus_one(x: i32) -> i32 {\n    x + 1\n}\n\nplus_one(\"Not a number\");\n//       ^^^^^^^^^^^^^^ expected `i32`, found `&str`\n\nif \"Not a bool\" {\n// ^^^^^^^^^^^^ expected `bool`, found `&str`\n}\n\nlet x: f32 = \"Not a float\";\n//     ---   ^^^^^^^^^^^^^ expected `f32`, found `&str`\n//     |\n//     expected due to this\n```\n\nThis error occurs when an expression was used in a place where the compiler\nexpected an expression of a different type. It can occur in several cases, the\nmost common being when calling a function and passing an argument which has a\ndifferent type than the matching type in the function declaration.\n"},"level":"error","spans":[{"file_name":"src/vector.rs","byte_start":934,"byte_end":938,"line_start":43,"line_end":43,"column_start":22,"column_end":26,"is_primary":true,"text":[{"text":"    pub fn ones() -> Self {","highlight_start":22,"highlight_end":26}],"label":"expected struct `Vector3`, found `()`","suggested_replacement":null,"suggestion_applicability":null,"expansion":null},{"file_name":"src/vector.rs","byte_start":924,"byte_end":928,"line_start":43,"line_end":43,"column_start":12,"column_end":16,"is_primary":false,"text":[{"text":"    pub fn ones() -> Self {","highlight_start":12,"highlight_end":16}],"label":"implicitly returns `()` as its body has no tail or `return` expression","suggested_replacement":null,"suggestion_applicability":null,"expansion":null}],"children":[],"rendered":"\u001b[0m\u001b[1m\u001b[38;5;9merror[E0308]\u001b[0m\u001b[0m\u001b[1m: mismatched types\u001b[0m\n\u001b[0m  \u001b[0m\u001b[0m\u001b[1m\u001b[38;5;12m--> \u001b[0m\u001b[0msrc/vector.rs:43:22\u001b[0m\n\u001b[0m   \u001b[0m\u001b[0m\u001b[1m\u001b[38;5;12m|\u001b[0m\n\u001b[0m\u001b[1m\u001b[38;5;12m43\u001b[0m\u001b[0m \u001b[0m\u001b[0m\u001b[1m\u001b[38;5;12m| \u001b[0m\u001b[0m    pub fn ones() -> Self {\u001b[0m\n\u001b[0m   \u001b[0m\u001b[0m\u001b[1m\u001b[38;5;12m| \u001b[0m\u001b[0m           \u001b[0m\u001b[0m\u001b[1m\u001b[38;5;12m----\u001b[0m\u001b[0m      \u001b[0m\u001b[0m\u001b[1m\u001b[38;5;9m^^^^\u001b[0m\u001b[0m \u001b[0m\u001b[0m\u001b[1m\u001b[38;5;9mexpected struct `Vector3`, found `()`\u001b[0m\n\u001b[0m   \u001b[0m\u001b[0m\u001b[1m\u001b[38;5;12m| \u001b[0m\u001b[0m           \u001b[0m\u001b[0m\u001b[1m\u001b[38;5;12m|\u001b[0m\n\u001b[0m   \u001b[0m\u001b[0m\u001b[1m\u001b[38;5;12m| \u001b[0m\u001b[0m           \u001b[0m\u001b[0m\u001b[1m\u001b[38;5;12mimplicitly returns `()` as its body has no tail or `return` expression\u001b[0m\n\n"}
{"message":"mismatched types","code":{"code":"E0308","explanation":"Expected type did not match the received type.\n\nErroneous code examples:\n\n```compile_fail,E0308\nfn plus_one(x: i32) -> i32 {\n    x + 1\n}\n\nplus_one(\"Not a number\");\n//       ^^^^^^^^^^^^^^ expected `i32`, found `&str`\n\nif \"Not a bool\" {\n// ^^^^^^^^^^^^ expected `bool`, found `&str`\n}\n\nlet x: f32 = \"Not a float\";\n//     ---   ^^^^^^^^^^^^^ expected `f32`, found `&str`\n//     |\n//     expected due to this\n```\n\nThis error occurs when an expression was used in a place where the compiler\nexpected an expression of a different type. It can occur in several cases, the\nmost common being when calling a function and passing an argument which has a\ndifferent type than the matching type in the function declaration.\n"},"level":"error","spans":[{"file_name":"src/vector.rs","byte_start":1094,"byte_end":1098,"line_start":48,"line_end":48,"column_start":44,"column_end":48,"is_primary":true,"text":[{"text":"    pub fn unit(x: f32, y: f32, z: f32) -> Self {","highlight_start":44,"highlight_end":48}],"label":"expected struct `Vector3`, found `()`","suggested_replacement":null,"suggestion_applicability":null,"expansion":null},{"file_name":"src/vector.rs","byte_start":1062,"byte_end":1066,"line_start":48,"line_end":48,"column_start":12,"column_end":16,"is_primary":false,"text":[{"text":"    pub fn unit(x: f32, y: f32, z: f32) -> Self {","highlight_start":12,"highlight_end":16}],"label":"implicitly returns `()` as its body has no tail or `return` expression","suggested_replacement":null,"suggestion_applicability":null,"expansion":null}],"children":[],"rendered":"\u001b[0m\u001b[1m\u001b[38;5;9merror[E0308]\u001b[0m\u001b[0m\u001b[1m: mismatched types\u001b[0m\n\u001b[0m  \u001b[0m\u001b[0m\u001b[1m\u001b[38;5;12m--> \u001b[0m\u001b[0msrc/vector.rs:48:44\u001b[0m\n\u001b[0m   \u001b[0m\u001b[0m\u001b[1m\u001b[38;5;12m|\u001b[0m\n\u001b[0m\u001b[1m\u001b[38;5;12m48\u001b[0m\u001b[0m \u001b[0m\u001b[0m\u001b[1m\u001b[38;5;12m| \u001b[0m\u001b[0m    pub fn unit(x: f32, y: f32, z: f32) -> Self {\u001b[0m\n\u001b[0m   \u001b[0m\u001b[0m\u001b[1m\u001b[38;5;12m| \u001b[0m\u001b[0m           \u001b[0m\u001b[0m\u001b[1m\u001b[38;5;12m----\u001b[0m\u001b[0m                            \u001b[0m\u001b[0m\u001b[1m\u001b[38;5;9m^^^^\u001b[0m\u001b[0m \u001b[0m\u001b[0m\u001b[1m\u001b[38;5;9mexpected struct `Vector3`, found `()`\u001b[0m\n\u001b[0m   \u001b[0m\u001b[0m\u001b[1m\u001b[38;5;12m| \u001b[0m\u001b[0m           \u001b[0m\u001b[0m\u001b[1m\u001b[38;5;12m|\u001b[0m\n\u001b[0m   \u001b[0m\u001b[0m\u001b[1m\u001b[38;5;12m| \u001b[0m\u001b[0m           \u001b[0m\u001b[0m\u001b[1m\u001b[38;5;12mimplicitly returns `()` as its body has no tail or `return` expression\u001b[0m\n\n"}
{"message":"mismatched types","code":{"code":"E0308","explanation":"Expected type did not match the received type.\n\nErroneous code examples:\n\n```compile_fail,E0308\nfn plus_one(x: i32) -> i32 {\n    x + 1\n}\n\nplus_one(\"Not a number\");\n//       ^^^^^^^^^^^^^^ expected `i32`, found `&str`\n\nif \"Not a bool\" {\n// ^^^^^^^^^^^^ expected `bool`, found `&str`\n}\n\nlet x: f32 = \"Not a float\";\n//     ---   ^^^^^^^^^^^^^ expected `f32`, found `&str`\n//     |\n//     expected due to this\n```\n\nThis error occurs when an expression was used in a place where the compiler\nexpected an expression of a different type. It can occur in several cases, the\nmost common being when calling a function and passing an argument which has a\ndifferent type than the matching type in the function declaration.\n"},"level":"error","spans":[{"file_name":"src/vector.rs","byte_start":1222,"byte_end":1225,"line_start":53,"line_end":53,"column_start":34,"column_end":37,"is_primary":true,"text":[{"text":"    pub fn squared_norm(self) -> f32 {","highlight_start":34,"highlight_end":37}],"label":"expected `f32`, found `()`","suggested_replacement":null,"suggestion_applicability":null,"expansion":null},{"file_name":"src/vector.rs","byte_start":1200,"byte_end":1212,"line_start":53,"line_end":53,"column_start":12,"column_end":24,"is_primary":false,"text":[{"text":"    pub fn squared_norm(self) -> f32 {","highlight_start":12,"highlight_end":24}],"label":"implicitly returns `()` as its body has no tail or `return` expression","suggested_replacement":null,"suggestion_applicability":null,"expansion":null}],"children":[],"rendered":"\u001b[0m\u001b[1m\u001b[38;5;9merror[E0308]\u001b[0m\u001b[0m\u001b[1m: mismatched types\u001b[0m\n\u001b[0m  \u001b[0m\u001b[0m\u001b[1m\u001b[38;5;12m--> \u001b[0m\u001b[0msrc/vector.rs:53:34\u001b[0m\n\u001b[0m   \u001b[0m\u001b[0m\u001b[1m\u001b[38;5;12m|\u001b[0m\n\u001b[0m\u001b[1m\u001b[38;5;12m53\u001b[0m\u001b[0m \u001b[0m\u001b[0m\u001b[1m\u001b[38;5;12m| \u001b[0m\u001b[0m    pub fn squared_norm(self) -> f32 {\u001b[0m\n\u001b[0m   \u001b[0m\u001b[0m\u001b[1m\u001b[38;5;12m| \u001b[0m\u001b[0m           \u001b[0m\u001b[0m\u001b[1m\u001b[38;5;12m------------\u001b[0m\u001b[0m          \u001b[0m\u001b[0m\u001b[1m\u001b[38;5;9m^^^\u001b[0m\u001b[0m \u001b[0m\u001b[0m\u001b[1m\u001b[38;5;9mexpected `f32`, found `()`\u001b[0m\n\u001b[0m   \u001b[0m\u001b[0m\u001b[1m\u001b[38;5;12m| \u001b[0m\u001b[0m           \u001b[0m\u001b[0m\u001b[1m\u001b[38;5;12m|\u001b[0m\n\u001b[0m   \u001b[0m\u001b[0m\u001b[1m\u001b[38;5;12m| \u001b[0m\u001b[0m           \u001b[0m\u001b[0m\u001b[1m\u001b[38;5;12mimplicitly returns `()` as its body has no tail or `return` expression\u001b[0m\n\n"}
{"message":"mismatched types","code":{"code":"E0308","explanation":"Expected type did not match the received type.\n\nErroneous code examples:\n\n```compile_fail,E0308\nfn plus_one(x: i32) -> i32 {\n    x + 1\n}\n\nplus_one(\"Not a number\");\n//       ^^^^^^^^^^^^^^ expected `i32`, found `&str`\n\nif \"Not a bool\" {\n// ^^^^^^^^^^^^ expected `bool`, found `&str`\n}\n\nlet x: f32 = \"Not a float\";\n//     ---   ^^^^^^^^^^^^^ expected `f32`, found `&str`\n//     |\n//     expected due to this\n```\n\nThis error occurs when an expression was used in a place where the compiler\nexpected an expression of a different type. It can occur in several cases, the\nmost common being when calling a function and passing an argument which has a\ndifferent type than the matching type in the function declaration.\n"},"level":"error","spans":[{"file_name":"src/vector.rs","byte_start":1327,"byte_end":1330,"line_start":58,"line_end":58,"column_start":26,"column_end":29,"is_primary":true,"text":[{"text":"    pub fn norm(self) -> f32 {","highlight_start":26,"highlight_end":29}],"label":"expected `f32`, found `()`","suggested_replacement":null,"suggestion_applicability":null,"expansion":null},{"file_name":"src/vector.rs","byte_start":1313,"byte_end":1317,"line_start":58,"line_end":58,"column_start":12,"column_end":16,"is_primary":false,"text":[{"text":"    pub fn norm(self) -> f32 {","highlight_start":12,"highlight_end":16}],"label":"implicitly returns `()` as its body has no tail or `return` expression","suggested_replacement":null,"suggestion_applicability":null,"expansion":null}],"children":[],"rendered":"\u001b[0m\u001b[1m\u001b[38;5;9merror[E0308]\u001b[0m\u001b[0m\u001b[1m: mismatched types\u001b[0m\n\u001b[0m  \u001b[0m\u001b[0m\u001b[1m\u001b[38;5;12m--> \u001b[0m\u001b[0msrc/vector.rs:58:26\u001b[0m\n\u001b[0m   \u001b[0m\u001b[0m\u001b[1m\u001b[38;5;12m|\u001b[0m\n\u001b[0m\u001b[1m\u001b[38;5;12m58\u001b[0m\u001b[0m \u001b[0m\u001b[0m\u001b[1m\u001b[38;5;12m| \u001b[0m\u001b[0m    pub fn norm(self) -> f32 {\u001b[0m\n\u001b[0m   \u001b[0m\u001b[0m\u001b[1m\u001b[38;5;12m| \u001b[0m\u001b[0m           \u001b[0m\u001b[0m\u001b[1m\u001b[38;5;12m----\u001b[0m\u001b[0m          \u001b[0m\u001b[0m\u001b[1m\u001b[38;5;9m^^^\u001b[0m\u001b[0m \u001b[0m\u001b[0m\u001b[1m\u001b[38;5;9mexpected `f32`, found `()`\u001b[0m\n\u001b[0m   \u001b[0m\u001b[0m\u001b[1m\u001b[38;5;12m| \u001b[0m\u001b[0m           \u001b[0m\u001b[0m\u001b[1m\u001b[38;5;12m|\u001b[0m\n\u001b[0m   \u001b[0m\u001b[0m\u001b[1m\u001b[38;5;12m| \u001b[0m\u001b[0m           \u001b[0m\u001b[0m\u001b[1m\u001b[38;5;12mimplicitly returns `()` as its body has no tail or `return` expression\u001b[0m\n\n"}
{"message":"mismatched types","code":{"code":"E0308","explanation":"Expected type did not match the received type.\n\nErroneous code examples:\n\n```compile_fail,E0308\nfn plus_one(x: i32) -> i32 {\n    x + 1\n}\n\nplus_one(\"Not a number\");\n//       ^^^^^^^^^^^^^^ expected `i32`, found `&str`\n\nif \"Not a bool\" {\n// ^^^^^^^^^^^^ expected `bool`, found `&str`\n}\n\nlet x: f32 = \"Not a float\";\n//     ---   ^^^^^^^^^^^^^ expected `f32`, found `&str`\n//     |\n//     expected due to this\n```\n\nThis error occurs when an expression was used in a place where the compiler\nexpected an expression of a different type. It can occur in several cases, the\nmost common being when calling a function and passing an argument which has a\ndifferent type than the matching type in the function declaration.\n"},"level":"error","spans":[{"file_name":"src/vector.rs","byte_start":1440,"byte_end":1447,"line_start":63,"line_end":63,"column_start":36,"column_end":43,"is_primary":true,"text":[{"text":"    pub fn normalized(mut self) -> Vector3 {","highlight_start":36,"highlight_end":43}],"label":"expected struct `Vector3`, found `()`","suggested_replacement":null,"suggestion_applicability":null,"expansion":null},{"file_name":"src/vector.rs","byte_start":1416,"byte_end":1426,"line_start":63,"line_end":63,"column_start":12,"column_end":22,"is_primary":false,"text":[{"text":"    pub fn normalized(mut self) -> Vector3 {","highlight_start":12,"highlight_end":22}],"label":"implicitly returns `()` as its body has no tail or `return` expression","suggested_replacement":null,"suggestion_applicability":null,"expansion":null}],"children":[],"rendered":"\u001b[0m\u001b[1m\u001b[38;5;9merror[E0308]\u001b[0m\u001b[0m\u001b[1m: mismatched types\u001b[0m\n\u001b[0m  \u001b[0m\u001b[0m\u001b[1m\u001b[38;5;12m--> \u001b[0m\u001b[0msrc/vector.rs:63:36\u001b[0m\n\u001b[0m   \u001b[0m\u001b[0m\u001b[1m\u001b[38;5;12m|\u001b[0m\n\u001b[0m\u001b[1m\u001b[38;5;12m63\u001b[0m\u001b[0m \u001b[0m\u001b[0m\u001b[1m\u001b[38;5;12m| \u001b[0m\u001b[0m    pub fn normalized(mut self) -> Vector3 {\u001b[0m\n\u001b[0m   \u001b[0m\u001b[0m\u001b[1m\u001b[38;5;12m| \u001b[0m\u001b[0m           \u001b[0m\u001b[0m\u001b[1m\u001b[38;5;12m----------\u001b[0m\u001b[0m              \u001b[0m\u001b[0m\u001b[1m\u001b[38;5;9m^^^^^^^\u001b[0m\u001b[0m \u001b[0m\u001b[0m\u001b[1m\u001b[38;5;9mexpected struct `Vector3`, found `()`\u001b[0m\n\u001b[0m   \u001b[0m\u001b[0m\u001b[1m\u001b[38;5;12m| \u001b[0m\u001b[0m           \u001b[0m\u001b[0m\u001b[1m\u001b[38;5;12m|\u001b[0m\n\u001b[0m   \u001b[0m\u001b[0m\u001b[1m\u001b[38;5;12m| \u001b[0m\u001b[0m           \u001b[0m\u001b[0m\u001b[1m\u001b[38;5;12mimplicitly returns `()` as its body has no tail or `return` expression\u001b[0m\n\n"}
{"message":"mismatched types","code":{"code":"E0308","explanation":"Expected type did not match the received type.\n\nErroneous code examples:\n\n```compile_fail,E0308\nfn plus_one(x: i32) -> i32 {\n    x + 1\n}\n\nplus_one(\"Not a number\");\n//       ^^^^^^^^^^^^^^ expected `i32`, found `&str`\n\nif \"Not a bool\" {\n// ^^^^^^^^^^^^ expected `bool`, found `&str`\n}\n\nlet x: f32 = \"Not a float\";\n//     ---   ^^^^^^^^^^^^^ expected `f32`, found `&str`\n//     |\n//     expected due to this\n```\n\nThis error occurs when an expression was used in a place where the compiler\nexpected an expression of a different type. It can occur in several cases, the\nmost common being when calling a function and passing an argument which has a\ndifferent type than the matching type in the function declaration.\n"},"level":"error","spans":[{"file_name":"src/vector.rs","byte_start":1573,"byte_end":1576,"line_start":68,"line_end":68,"column_start":41,"column_end":44,"is_primary":true,"text":[{"text":"    pub fn dot(self, other: Vector3) -> f32 {","highlight_start":41,"highlight_end":44}],"label":"expected `f32`, found `()`","suggested_replacement":null,"suggestion_applicability":null,"expansion":null},{"file_name":"src/vector.rs","byte_start":1544,"byte_end":1547,"line_start":68,"line_end":68,"column_start":12,"column_end":15,"is_primary":false,"text":[{"text":"    pub fn dot(self, other: Vector3) -> f32 {","highlight_start":12,"highlight_end":15}],"label":"implicitly returns `()` as its body has no tail or `return` expression","suggested_replacement":null,"suggestion_applicability":null,"expansion":null}],"children":[],"rendered":"\u001b[0m\u001b[1m\u001b[38;5;9merror[E0308]\u001b[0m\u001b[0m\u001b[1m: mismatched types\u001b[0m\n\u001b[0m  \u001b[0m\u001b[0m\u001b[1m\u001b[38;5;12m--> \u001b[0m\u001b[0msrc/vector.rs:68:41\u001b[0m\n\u001b[0m   \u001b[0m\u001b[0m\u001b[1m\u001b[38;5;12m|\u001b[0m\n\u001b[0m\u001b[1m\u001b[38;5;12m68\u001b[0m\u001b[0m \u001b[0m\u001b[0m\u001b[1m\u001b[38;5;12m| \u001b[0m\u001b[0m    pub fn dot(self, other: Vector3) -> f32 {\u001b[0m\n\u001b[0m   \u001b[0m\u001b[0m\u001b[1m\u001b[38;5;12m| \u001b[0m\u001b[0m           \u001b[0m\u001b[0m\u001b[1m\u001b[38;5;12m---\u001b[0m\u001b[0m                          \u001b[0m\u001b[0m\u001b[1m\u001b[38;5;9m^^^\u001b[0m\u001b[0m \u001b[0m\u001b[0m\u001b[1m\u001b[38;5;9mexpected `f32`, found `()`\u001b[0m\n\u001b[0m   \u001b[0m\u001b[0m\u001b[1m\u001b[38;5;12m| \u001b[0m\u001b[0m           \u001b[0m\u001b[0m\u001b[1m\u001b[38;5;12m|\u001b[0m\n\u001b[0m   \u001b[0m\u001b[0m\u001b[1m\u001b[38;5;12m| \u001b[0m\u001b[0m           \u001b[0m\u001b[0m\u001b[1m\u001b[38;5;12mimplicitly returns `()` as its body has no tail or `return` expression\u001b[0m\n\n"}
{"message":"mismatched types","code":{"code":"E0308","explanation":"Expected type did not match the received type.\n\nErroneous code examples:\n\n```compile_fail,E0308\nfn plus_one(x: i32) -> i32 {\n    x + 1\n}\n\nplus_one(\"Not a number\");\n//       ^^^^^^^^^^^^^^ expected `i32`, found `&str`\n\nif \"Not a bool\" {\n// ^^^^^^^^^^^^ expected `bool`, found `&str`\n}\n\nlet x: f32 = \"Not a float\";\n//     ---   ^^^^^^^^^^^^^ expected `f32`, found `&str`\n//     |\n//     expected due to this\n```\n\nThis error occurs when an expression was used in a place where the compiler\nexpected an expression of a different type. It can occur in several cases, the\nmost common being when calling a function and passing an argument which has a\ndifferent type than the matching type in the function declaration.\n"},"level":"error","spans":[{"file_name":"src/vector.rs","byte_start":1706,"byte_end":1713,"line_start":73,"line_end":73,"column_start":43,"column_end":50,"is_primary":true,"text":[{"text":"    pub fn cross(self, other: Vector3) -> Vector3 {","highlight_start":43,"highlight_end":50}],"label":"expected struct `Vector3`, found `()`","suggested_replacement":null,"suggestion_applicability":null,"expansion":null},{"file_name":"src/vector.rs","byte_start":1675,"byte_end":1680,"line_start":73,"line_end":73,"column_start":12,"column_end":17,"is_primary":false,"text":[{"text":"    pub fn cross(self, other: Vector3) -> Vector3 {","highlight_start":12,"highlight_end":17}],"label":"implicitly returns `()` as its body has no tail or `return` expression","suggested_replacement":null,"suggestion_applicability":null,"expansion":null}],"children":[],"rendered":"\u001b[0m\u001b[1m\u001b[38;5;9merror[E0308]\u001b[0m\u001b[0m\u001b[1m: mismatched types\u001b[0m\n\u001b[0m  \u001b[0m\u001b[0m\u001b[1m\u001b[38;5;12m--> \u001b[0m\u001b[0msrc/vector.rs:73:43\u001b[0m\n\u001b[0m   \u001b[0m\u001b[0m\u001b[1m\u001b[38;5;12m|\u001b[0m\n\u001b[0m\u001b[1m\u001b[38;5;12m73\u001b[0m\u001b[0m \u001b[0m\u001b[0m\u001b[1m\u001b[38;5;12m| \u001b[0m\u001b[0m    pub fn cross(self, other: Vector3) -> Vector3 {\u001b[0m\n\u001b[0m   \u001b[0m\u001b[0m\u001b[1m\u001b[38;5;12m| \u001b[0m\u001b[0m           \u001b[0m\u001b[0m\u001b[1m\u001b[38;5;12m-----\u001b[0m\u001b[0m                          \u001b[0m\u001b[0m\u001b[1m\u001b[38;5;9m^^^^^^^\u001b[0m\u001b[0m \u001b[0m\u001b[0m\u001b[1m\u001b[38;5;9mexpected struct `Vector3`, found `()`\u001b[0m\n\u001b[0m   \u001b[0m\u001b[0m\u001b[1m\u001b[38;5;12m| \u001b[0m\u001b[0m           \u001b[0m\u001b[0m\u001b[1m\u001b[38;5;12m|\u001b[0m\n\u001b[0m   \u001b[0m\u001b[0m\u001b[1m\u001b[38;5;12m| \u001b[0m\u001b[0m           \u001b[0m\u001b[0m\u001b[1m\u001b[38;5;12mimplicitly returns `()` as its body has no tail or `return` expression\u001b[0m\n\n"}
{"message":"mismatched types","code":{"code":"E0308","explanation":"Expected type did not match the received type.\n\nErroneous code examples:\n\n```compile_fail,E0308\nfn plus_one(x: i32) -> i32 {\n    x + 1\n}\n\nplus_one(\"Not a number\");\n//       ^^^^^^^^^^^^^^ expected `i32`, found `&str`\n\nif \"Not a bool\" {\n// ^^^^^^^^^^^^ expected `bool`, found `&str`\n}\n\nlet x: f32 = \"Not a float\";\n//     ---   ^^^^^^^^^^^^^ expected `f32`, found `&str`\n//     |\n//     expected due to this\n```\n\nThis error occurs when an expression was used in a place where the compiler\nexpected an expression of a different type. It can occur in several cases, the\nmost common being when calling a function and passing an argument which has a\ndifferent type than the matching type in the function declaration.\n"},"level":"error","spans":[{"file_name":"src/vector.rs","byte_start":1939,"byte_end":1946,"line_start":79,"line_end":79,"column_start":67,"column_end":74,"is_primary":true,"text":[{"text":"    pub fn cwise(self, other: Vector3, f: fn(f32, f32) -> f32) -> Vector3 {","highlight_start":67,"highlight_end":74}],"label":"expected struct `Vector3`, found `()`","suggested_replacement":null,"suggestion_applicability":null,"expansion":null},{"file_name":"src/vector.rs","byte_start":1884,"byte_end":1889,"line_start":79,"line_end":79,"column_start":12,"column_end":17,"is_primary":false,"text":[{"text":"    pub fn cwise(self, other: Vector3, f: fn(f32, f32) -> f32) -> Vector3 {","highlight_start":12,"highlight_end":17}],"label":"implicitly returns `()` as its body has no tail or `return` expression","suggested_replacement":null,"suggestion_applicability":null,"expansion":null}],"children":[],"rendered":"\u001b[0m\u001b[1m\u001b[38;5;9merror[E0308]\u001b[0m\u001b[0m\u001b[1m: mismatched types\u001b[0m\n\u001b[0m  \u001b[0m\u001b[0m\u001b[1m\u001b[38;5;12m--> \u001b[0m\u001b[0msrc/vector.rs:79:67\u001b[0m\n\u001b[0m   \u001b[0m\u001b[0m\u001b[1m\u001b[38;5;12m|\u001b[0m\n\u001b[0m\u001b[1m\u001b[38;5;12m79\u001b[0m\u001b[0m \u001b[0m\u001b[0m\u001b[1m\u001b[38;5;12m| \u001b[0m\u001b[0m    pub fn cwise(self, other: Vector3, f: fn(f32, f32) -> f32) -> Vector3 {\u001b[0m\n\u001b[0m   \u001b[0m\u001b[0m\u001b[1m\u001b[38;5;12m| \u001b[0m\u001b[0m           \u001b[0m\u001b[0m\u001b[1m\u001b[38;5;12m-----\u001b[0m\u001b[0m                                                  \u001b[0m\u001b[0m\u001b[1m\u001b[38;5;9m^^^^^^^\u001b[0m\u001b[0m \u001b[0m\u001b[0m\u001b[1m\u001b[38;5;9mexpected struct `Vector3`, found `()`\u001b[0m\n\u001b[0m   \u001b[0m\u001b[0m\u001b[1m\u001b[38;5;12m| \u001b[0m\u001b[0m           \u001b[0m\u001b[0m\u001b[1m\u001b[38;5;12m|\u001b[0m\n\u001b[0m   \u001b[0m\u001b[0m\u001b[1m\u001b[38;5;12m| \u001b[0m\u001b[0m           \u001b[0m\u001b[0m\u001b[1m\u001b[38;5;12mimplicitly returns `()` as its body has no tail or `return` expression\u001b[0m\n\n"}
{"message":"mismatched types","code":{"code":"E0308","explanation":"Expected type did not match the received type.\n\nErroneous code examples:\n\n```compile_fail,E0308\nfn plus_one(x: i32) -> i32 {\n    x + 1\n}\n\nplus_one(\"Not a number\");\n//       ^^^^^^^^^^^^^^ expected `i32`, found `&str`\n\nif \"Not a bool\" {\n// ^^^^^^^^^^^^ expected `bool`, found `&str`\n}\n\nlet x: f32 = \"Not a float\";\n//     ---   ^^^^^^^^^^^^^ expected `f32`, found `&str`\n//     |\n//     expected due to this\n```\n\nThis error occurs when an expression was used in a place where the compiler\nexpected an expression of a different type. It can occur in several cases, the\nmost common being when calling a function and passing an argument which has a\ndifferent type than the matching type in the function declaration.\n"},"level":"error","spans":[{"file_name":"src/vector.rs","byte_start":2084,"byte_end":2091,"line_start":84,"line_end":84,"column_start":47,"column_end":54,"is_primary":true,"text":[{"text":"    pub fn cwise_mul(self, other: Vector3) -> Vector3 {","highlight_start":47,"highlight_end":54}],"label":"expected struct `Vector3`, found `()`","suggested_replacement":null,"suggestion_applicability":null,"expansion":null},{"file_name":"src/vector.rs","byte_start":2049,"byte_end":2058,"line_start":84,"line_end":84,"column_start":12,"column_end":21,"is_primary":false,"text":[{"text":"    pub fn cwise_mul(self, other: Vector3) -> Vector3 {","highlight_start":12,"highlight_end":21}],"label":"implicitly returns `()` as its body has no tail or `return` expression","suggested_replacement":null,"suggestion_applicability":null,"expansion":null}],"children":[],"rendered":"\u001b[0m\u001b[1m\u001b[38;5;9merror[E0308]\u001b[0m\u001b[0m\u001b[1m: mismatched types\u001b[0m\n\u001b[0m  \u001b[0m\u001b[0m\u001b[1m\u001b[38;5;12m--> \u001b[0m\u001b[0msrc/vector.rs:84:47\u001b[0m\n\u001b[0m   \u001b[0m\u001b[0m\u001b[1m\u001b[38;5;12m|\u001b[0m\n\u001b[0m\u001b[1m\u001b[38;5;12m84\u001b[0m\u001b[0m \u001b[0m\u001b[0m\u001b[1m\u001b[38;5;12m| \u001b[0m\u001b[0m    pub fn cwise_mul(self, other: Vector3) -> Vector3 {\u001b[0m\n\u001b[0m   \u001b[0m\u001b[0m\u001b[1m\u001b[38;5;12m| \u001b[0m\u001b[0m           \u001b[0m\u001b[0m\u001b[1m\u001b[38;5;12m---------\u001b[0m\u001b[0m                          \u001b[0m\u001b[0m\u001b[1m\u001b[38;5;9m^^^^^^^\u001b[0m\u001b[0m \u001b[0m\u001b[0m\u001b[1m\u001b[38;5;9mexpected struct `Vector3`, found `()`\u001b[0m\n\u001b[0m   \u001b[0m\u001b[0m\u001b[1m\u001b[38;5;12m| \u001b[0m\u001b[0m           \u001b[0m\u001b[0m\u001b[1m\u001b[38;5;12m|\u001b[0m\n\u001b[0m   \u001b[0m\u001b[0m\u001b[1m\u001b[38;5;12m| \u001b[0m\u001b[0m           \u001b[0m\u001b[0m\u001b[1m\u001b[38;5;12mimplicitly returns `()` as its body has no tail or `return` expression\u001b[0m\n\n"}
{"message":"mismatched types","code":{"code":"E0308","explanation":"Expected type did not match the received type.\n\nErroneous code examples:\n\n```compile_fail,E0308\nfn plus_one(x: i32) -> i32 {\n    x + 1\n}\n\nplus_one(\"Not a number\");\n//       ^^^^^^^^^^^^^^ expected `i32`, found `&str`\n\nif \"Not a bool\" {\n// ^^^^^^^^^^^^ expected `bool`, found `&str`\n}\n\nlet x: f32 = \"Not a float\";\n//     ---   ^^^^^^^^^^^^^ expected `f32`, found `&str`\n//     |\n//     expected due to this\n```\n\nThis error occurs when an expression was used in a place where the compiler\nexpected an expression of a different type. It can occur in several cases, the\nmost common being when calling a function and passing an argument which has a\ndifferent type than the matching type in the function declaration.\n"},"level":"error","spans":[{"file_name":"src/vector.rs","byte_start":2223,"byte_end":2230,"line_start":89,"line_end":89,"column_start":47,"column_end":54,"is_primary":true,"text":[{"text":"    pub fn cwise_div(self, other: Vector3) -> Vector3 {","highlight_start":47,"highlight_end":54}],"label":"expected struct `Vector3`, found `()`","suggested_replacement":null,"suggestion_applicability":null,"expansion":null},{"file_name":"src/vector.rs","byte_start":2188,"byte_end":2197,"line_start":89,"line_end":89,"column_start":12,"column_end":21,"is_primary":false,"text":[{"text":"    pub fn cwise_div(self, other: Vector3) -> Vector3 {","highlight_start":12,"highlight_end":21}],"label":"implicitly returns `()` as its body has no tail or `return` expression","suggested_replacement":null,"suggestion_applicability":null,"expansion":null}],"children":[],"rendered":"\u001b[0m\u001b[1m\u001b[38;5;9merror[E0308]\u001b[0m\u001b[0m\u001b[1m: mismatched types\u001b[0m\n\u001b[0m  \u001b[0m\u001b[0m\u001b[1m\u001b[38;5;12m--> \u001b[0m\u001b[0msrc/vector.rs:89:47\u001b[0m\n\u001b[0m   \u001b[0m\u001b[0m\u001b[1m\u001b[38;5;12m|\u001b[0m\n\u001b[0m\u001b[1m\u001b[38;5;12m89\u001b[0m\u001b[0m \u001b[0m\u001b[0m\u001b[1m\u001b[38;5;12m| \u001b[0m\u001b[0m    pub fn cwise_div(self, other: Vector3) -> Vector3 {\u001b[0m\n\u001b[0m   \u001b[0m\u001b[0m\u001b[1m\u001b[38;5;12m| \u001b[0m\u001b[0m           \u001b[0m\u001b[0m\u001b[1m\u001b[38;5;12m---------\u001b[0m\u001b[0m                          \u001b[0m\u001b[0m\u001b[1m\u001b[38;5;9m^^^^^^^\u001b[0m\u001b[0m \u001b[0m\u001b[0m\u001b[1m\u001b[38;5;9mexpected struct `Vector3`, found `()`\u001b[0m\n\u001b[0m   \u001b[0m\u001b[0m\u001b[1m\u001b[38;5;12m| \u001b[0m\u001b[0m           \u001b[0m\u001b[0m\u001b[1m\u001b[38;5;12m|\u001b[0m\n\u001b[0m   \u001b[0m\u001b[0m\u001b[1m\u001b[38;5;12m| \u001b[0m\u001b[0m           \u001b[0m\u001b[0m\u001b[1m\u001b[38;5;12mimplicitly returns `()` as its body has no tail or `return` expression\u001b[0m\n\n"}
{"message":"aborting due to 20 previous errors","code":null,"level":"error","spans":[],"children":[],"rendered":"\u001b[0m\u001b[1m\u001b[38;5;9merror\u001b[0m\u001b[0m\u001b[1m: aborting due to 20 previous errors\u001b[0m\n\n"}
{"message":"Some errors have detailed explanations: E0046, E0308, E0432.","code":null,"level":"failure-note","spans":[],"children":[],"rendered":"\u001b[0m\u001b[1mSome errors have detailed explanations: E0046, E0308, E0432.\u001b[0m\n"}
{"message":"For more information about an error, try `rustc --explain E0046`.","code":null,"level":"failure-note","spans":[],"children":[],"rendered":"\u001b[0m\u001b[1mFor more information about an error, try `rustc --explain E0046`.\u001b[0m\n"}
